# [Error] Enter the valid expression.
# [Error] Enter the valid expression.
# [Error] Enter the valid expression.
# [Error] Enter the valid expression.
# [Error] Enter the valid expression.
# [Error] Enter the valid expression.
# [Error] Enter the valid expression.
# [Error] Enter the valid expression.
# [Error] Enter the valid expression.
# 1 + 5=6
# [Error] Enter the valid expression.
# 2*5=10
# 2+3=5
# 3*9=27
# [Error] Enter the valid expression.
# [Error] Enter the valid expression.
# [Error] Enter the valid expression.
# 104=104
# 10*5=50
# 19*5=95
